mode: atomic
cf-plugin-migrate/main.go:22.13,23.22 1 0
cf-plugin-migrate/main.go:23.22,32.3 8 0
cf-plugin-migrate/main.go:34.2,34.20 1 0
cf-plugin-migrate/main.go:35.14,36.12 1 0
cf-plugin-migrate/main.go:37.13,38.15 1 0
cf-plugin-migrate/main.go:39.18,41.13 2 0
cf-plugin-migrate/main.go:42.17,43.17 1 0
cf-plugin-migrate/main.go:44.10,46.13 2 0
cf-plugin-migrate/main.go:50.21,54.28 3 0
cf-plugin-migrate/main.go:54.28,56.3 1 0
cf-plugin-migrate/main.go:58.2,58.43 1 0
cf-plugin-migrate/main.go:58.43,61.27 2 0
cf-plugin-migrate/main.go:61.27,63.4 1 0
cf-plugin-migrate/main.go:65.3,67.35 3 0
cf-plugin-migrate/main.go:67.35,68.17 1 0
cf-plugin-migrate/main.go:69.24,70.23 1 0
cf-plugin-migrate/main.go:71.20,72.22 1 0
cf-plugin-migrate/main.go:73.24,74.33 1 0
cf-plugin-migrate/main.go:78.3,78.21 1 0
cf-plugin-migrate/main.go:78.21,80.23 2 0
cf-plugin-migrate/main.go:80.23,82.5 1 0
cf-plugin-migrate/main.go:83.4,83.66 1 0
cf-plugin-migrate/main.go:85.3,85.20 1 0
cf-plugin-migrate/main.go:85.20,87.4 1 0
cf-plugin-migrate/main.go:88.3,88.21 1 0
cf-plugin-migrate/main.go:88.21,90.16 2 0
cf-plugin-migrate/main.go:90.16,92.5 1 0
cf-plugin-migrate/main.go:93.4,93.51 1 0
cf-plugin-migrate/main.go:97.2,97.23 1 0
cf-plugin-migrate/main.go:100.19,101.22 1 0
cf-plugin-migrate/main.go:101.22,104.3 2 0
cf-plugin-migrate/main.go:106.2,108.16 3 0
cf-plugin-migrate/main.go:108.16,111.3 2 0
cf-plugin-migrate/main.go:113.2,113.43 1 0
cf-plugin-migrate/main.go:113.43,116.3 2 0
cf-plugin-migrate/main.go:119.16,121.24 2 0
cf-plugin-migrate/main.go:121.24,123.3 1 0
cf-plugin-migrate/main.go:125.2,126.16 2 0
cf-plugin-migrate/main.go:126.16,129.3 2 0
cf-plugin-migrate/main.go:132.2,135.52 2 0
cf-plugin-migrate/main.go:135.52,138.3 2 0
cf-plugin-migrate/scanner/output.go:14.51,15.25 1 3
cf-plugin-migrate/scanner/output.go:15.25,18.3 2 1
cf-plugin-migrate/scanner/output.go:21.2,48.37 10 2
cf-plugin-migrate/scanner/output.go:48.37,50.10 2 20
cf-plugin-migrate/scanner/output.go:50.10,51.12 1 18
cf-plugin-migrate/scanner/output.go:54.3,71.34 8 2
cf-plugin-migrate/scanner/output.go:71.34,77.4 2 1
cf-plugin-migrate/scanner/output.go:80.3,80.44 1 2
cf-plugin-migrate/scanner/output.go:83.2,85.40 3 2
cf-plugin-migrate/scanner/output.go:85.40,87.3 1 0
cf-plugin-migrate/scanner/output.go:88.2,88.20 1 2
cf-plugin-migrate/scanner/output.go:92.48,93.25 1 5
cf-plugin-migrate/scanner/output.go:93.25,96.3 2 1
cf-plugin-migrate/scanner/output.go:98.2,109.37 4 4
cf-plugin-migrate/scanner/output.go:109.37,111.10 2 40
cf-plugin-migrate/scanner/output.go:111.10,112.12 1 36
cf-plugin-migrate/scanner/output.go:115.3,117.35 2 4
cf-plugin-migrate/scanner/output.go:117.35,118.18 1 4
cf-plugin-migrate/scanner/output.go:118.18,121.5 1 1
cf-plugin-migrate/scanner/output.go:121.10,124.5 1 3
cf-plugin-migrate/scanner/output.go:128.3,129.34 2 4
cf-plugin-migrate/scanner/output.go:129.34,132.4 2 1
cf-plugin-migrate/scanner/output.go:135.3,135.44 1 4
cf-plugin-migrate/scanner/output.go:135.44,137.27 2 4
cf-plugin-migrate/scanner/output.go:137.27,139.5 1 3
cf-plugin-migrate/scanner/output.go:141.3,141.33 1 4
cf-plugin-migrate/scanner/output.go:147.65,152.27 2 2
cf-plugin-migrate/scanner/output.go:152.27,156.3 1 5
cf-plugin-migrate/scanner/output.go:157.2,157.12 1 2
cf-plugin-migrate/scanner/output.go:161.51,166.29 2 1
cf-plugin-migrate/scanner/output.go:166.29,170.3 1 2
cf-plugin-migrate/scanner/output.go:171.2,171.12 1 1
cf-plugin-migrate/scanner/output.go:176.80,178.9 2 2
cf-plugin-migrate/scanner/output.go:178.9,180.3 1 0
cf-plugin-migrate/scanner/output.go:182.2,183.31 2 2
cf-plugin-migrate/scanner/output.go:183.31,185.10 2 5
cf-plugin-migrate/scanner/output.go:185.10,186.12 1 0
cf-plugin-migrate/scanner/output.go:188.3,188.77 1 5
cf-plugin-migrate/scanner/output.go:188.77,190.4 1 2
cf-plugin-migrate/scanner/output.go:193.2,193.28 1 2
cf-plugin-migrate/scanner/output.go:193.28,197.34 3 1
cf-plugin-migrate/scanner/output.go:197.34,200.4 2 1
cf-plugin-migrate/scanner/output.go:206.66,208.31 2 4
cf-plugin-migrate/scanner/output.go:208.31,209.49 1 5
cf-plugin-migrate/scanner/output.go:209.49,211.4 1 5
cf-plugin-migrate/scanner/output.go:214.2,215.37 2 4
cf-plugin-migrate/scanner/output.go:215.37,216.14 1 23
cf-plugin-migrate/scanner/output.go:216.14,218.4 1 3
cf-plugin-migrate/scanner/output.go:220.2,220.15 1 4
cf-plugin-migrate/scanner/output.go:223.45,225.19 2 8
cf-plugin-migrate/scanner/output.go:225.19,227.3 1 13
cf-plugin-migrate/scanner/output.go:228.2,229.13 2 8
cf-plugin-migrate/scanner/output.go:232.55,237.2 1 4
cf-plugin-migrate/scanner/output.go:239.59,241.19 2 6
cf-plugin-migrate/scanner/output.go:241.19,243.3 1 2
cf-plugin-migrate/scanner/output.go:244.2,245.13 2 6
cf-plugin-migrate/scanner/output.go:250.34,253.2 2 0
cf-plugin-migrate/scanner/output.go:258.38,259.16 1 24
cf-plugin-migrate/scanner/output.go:259.16,261.3 1 6
cf-plugin-migrate/scanner/scanner.go:38.51,43.35 2 16
cf-plugin-migrate/scanner/scanner.go:43.35,45.17 2 16
cf-plugin-migrate/scanner/scanner.go:45.17,47.4 1 0
cf-plugin-migrate/scanner/scanner.go:48.3,48.30 1 16
cf-plugin-migrate/scanner/scanner.go:48.30,49.49 1 17
cf-plugin-migrate/scanner/scanner.go:49.49,51.5 1 0
cf-plugin-migrate/scanner/scanner.go:55.2,55.20 1 16
cf-plugin-migrate/scanner/scanner.go:58.55,59.40 1 16
cf-plugin-migrate/scanner/scanner.go:59.40,61.30 2 1
cf-plugin-migrate/scanner/scanner.go:61.30,63.4 1 0
cf-plugin-migrate/scanner/scanner.go:64.3,64.26 1 1
cf-plugin-migrate/scanner/scanner.go:66.2,66.34 1 15
cf-plugin-migrate/scanner/scanner.go:69.49,71.82 2 1
cf-plugin-migrate/scanner/scanner.go:71.82,72.17 1 4
cf-plugin-migrate/scanner/scanner.go:72.17,74.4 1 0
cf-plugin-migrate/scanner/scanner.go:75.3,75.46 1 4
cf-plugin-migrate/scanner/scanner.go:75.46,77.4 1 0
cf-plugin-migrate/scanner/scanner.go:78.3,78.94 1 4
cf-plugin-migrate/scanner/scanner.go:78.94,80.4 1 2
cf-plugin-migrate/scanner/scanner.go:81.3,81.13 1 4
cf-plugin-migrate/scanner/scanner.go:83.2,83.19 1 1
cf-plugin-migrate/scanner/scanner.go:86.53,88.16 2 15
cf-plugin-migrate/scanner/scanner.go:88.16,90.3 1 0
cf-plugin-migrate/scanner/scanner.go:91.2,92.28 2 15
cf-plugin-migrate/scanner/scanner.go:92.28,93.99 1 16
cf-plugin-migrate/scanner/scanner.go:93.99,95.4 1 15
cf-plugin-migrate/scanner/scanner.go:97.2,97.19 1 15
cf-plugin-migrate/scanner/scanner.go:100.54,103.16 3 17
cf-plugin-migrate/scanner/scanner.go:103.16,105.3 1 0
cf-plugin-migrate/scanner/scanner.go:107.2,107.26 1 17
cf-plugin-migrate/scanner/scanner.go:107.26,109.3 1 16
cf-plugin-migrate/scanner/scanner.go:111.2,111.31 1 17
cf-plugin-migrate/scanner/scanner.go:111.31,113.28 2 19
cf-plugin-migrate/scanner/scanner.go:113.28,114.12 1 1
cf-plugin-migrate/scanner/scanner.go:116.3,116.39 1 18
cf-plugin-migrate/scanner/scanner.go:119.2,119.12 1 17
cf-plugin-migrate/scanner/scanner.go:128.91,141.45 4 18
cf-plugin-migrate/scanner/scanner.go:141.45,142.27 1 636
cf-plugin-migrate/scanner/scanner.go:143.24,144.26 1 41
cf-plugin-migrate/scanner/scanner.go:144.26,146.5 1 0
cf-plugin-migrate/scanner/scanner.go:147.4,148.20 2 41
cf-plugin-migrate/scanner/scanner.go:148.20,150.5 1 24
cf-plugin-migrate/scanner/scanner.go:151.4,151.26 1 17
cf-plugin-migrate/scanner/scanner.go:151.26,152.50 1 17
cf-plugin-migrate/scanner/scanner.go:152.50,161.6 2 17
cf-plugin-migrate/scanner/scanner.go:164.24,166.38 1 1
cf-plugin-migrate/scanner/scanner.go:166.38,168.21 2 1
cf-plugin-migrate/scanner/scanner.go:168.21,169.14 1 0
cf-plugin-migrate/scanner/scanner.go:171.5,178.79 1 1
cf-plugin-migrate/scanner/scanner.go:181.23,184.11 2 3
cf-plugin-migrate/scanner/scanner.go:184.11,186.5 1 1
cf-plugin-migrate/scanner/scanner.go:187.4,188.11 2 2
cf-plugin-migrate/scanner/scanner.go:188.11,190.5 1 0
cf-plugin-migrate/scanner/scanner.go:191.4,191.54 1 2
cf-plugin-migrate/scanner/scanner.go:191.54,193.5 1 0
cf-plugin-migrate/scanner/scanner.go:194.4,194.25 1 2
cf-plugin-migrate/scanner/scanner.go:194.25,195.52 1 2
cf-plugin-migrate/scanner/scanner.go:195.52,200.6 1 2
cf-plugin-migrate/scanner/scanner.go:203.3,203.14 1 611
cf-plugin-migrate/scanner/scanner.go:206.2,206.25 1 18
cf-plugin-migrate/scanner/scanner.go:206.25,208.3 1 1
cf-plugin-migrate/scanner/scanner.go:211.2,211.45 1 17
cf-plugin-migrate/scanner/scanner.go:211.45,213.10 2 488
cf-plugin-migrate/scanner/scanner.go:213.10,215.4 1 444
cf-plugin-migrate/scanner/scanner.go:217.3,218.21 2 44
cf-plugin-migrate/scanner/scanner.go:218.21,220.4 1 0
cf-plugin-migrate/scanner/scanner.go:222.3,225.44 2 44
cf-plugin-migrate/scanner/scanner.go:225.44,229.4 3 19
cf-plugin-migrate/scanner/scanner.go:232.3,232.39 1 25
cf-plugin-migrate/scanner/scanner.go:232.39,233.50 1 3
cf-plugin-migrate/scanner/scanner.go:233.50,239.5 5 3
cf-plugin-migrate/scanner/scanner.go:242.3,242.14 1 22
cf-plugin-migrate/scanner/scanner.go:246.2,246.31 1 17
cf-plugin-migrate/scanner/scanner.go:246.31,256.3 3 18
cf-plugin-migrate/scanner/scanner.go:262.42,264.9 2 42
cf-plugin-migrate/scanner/scanner.go:264.9,266.3 1 24
cf-plugin-migrate/scanner/scanner.go:267.2,268.9 2 18
cf-plugin-migrate/scanner/scanner.go:268.9,270.3 1 0
cf-plugin-migrate/scanner/scanner.go:271.2,271.29 1 18
cf-plugin-migrate/scanner/scanner.go:271.29,273.3 1 18
cf-plugin-migrate/scanner/scanner.go:274.2,274.11 1 0
cf-plugin-migrate/scanner/scanner.go:279.51,280.26 1 94
cf-plugin-migrate/scanner/scanner.go:281.25,283.19 2 49
cf-plugin-migrate/scanner/scanner.go:283.19,285.4 1 0
cf-plugin-migrate/scanner/scanner.go:286.3,286.35 1 49
cf-plugin-migrate/scanner/scanner.go:287.18,288.26 1 44
cf-plugin-migrate/scanner/scanner.go:289.22,290.35 1 1
cf-plugin-migrate/scanner/scanner.go:291.10,292.13 1 0
cf-plugin-migrate/scanner/scanner.go:297.79,298.25 1 22
cf-plugin-migrate/scanner/scanner.go:298.25,300.3 1 0
cf-plugin-migrate/scanner/scanner.go:302.2,304.22 3 22
cf-plugin-migrate/scanner/scanner.go:304.22,306.3 1 0
cf-plugin-migrate/scanner/scanner.go:308.2,311.56 2 22
cf-plugin-migrate/scanner/scanner.go:311.56,313.3 1 1
cf-plugin-migrate/scanner/scanner.go:315.2,321.52 2 21
cf-plugin-migrate/scanner/scanner.go:321.52,322.62 1 6
cf-plugin-migrate/scanner/scanner.go:322.62,324.40 2 6
cf-plugin-migrate/scanner/scanner.go:324.40,326.5 1 4
cf-plugin-migrate/scanner/scanner.go:327.4,327.46 1 6
cf-plugin-migrate/scanner/scanner.go:333.35,334.25 1 13
cf-plugin-migrate/scanner/scanner.go:334.25,336.3 1 12
cf-plugin-migrate/scanner/scanner.go:337.2,337.14 1 1
cf-plugin-migrate/scanner/scanner.go:340.73,342.9 2 40
cf-plugin-migrate/scanner/scanner.go:342.9,348.3 2 17
cf-plugin-migrate/scanner/scanner.go:349.2,349.11 1 40
